0 info it worked if it ends with ok
1 verbose cli [ 'D:\\nodejs\\node.exe',
1 verbose cli   'D:\\nodejs\\node_modules\\npm\\bin\\npm-cli.js',
1 verbose cli   'run',
1 verbose cli   'build' ]
2 info using npm@3.8.9
3 info using node@v6.2.0
4 verbose run-script [ 'prebuild', 'build', 'postbuild' ]
5 info lifecycle autoUpdateDemo@1.0.2~prebuild: autoUpdateDemo@1.0.2
6 silly lifecycle autoUpdateDemo@1.0.2~prebuild: no script for prebuild, continuing
7 info lifecycle autoUpdateDemo@1.0.2~build: autoUpdateDemo@1.0.2
8 verbose lifecycle autoUpdateDemo@1.0.2~build: unsafe-perm in lifecycle true
9 verbose lifecycle autoUpdateDemo@1.0.2~build: PATH: D:\nodejs\node_modules\npm\bin\node-gyp-bin;E:\test\electron-windows-autoupdate\node_modules\.bin;D:\nodejs;C:\Users\Administrator\bin;C:\Program Files (x86)\Git\mingw32\bin;C:\Program Files (x86)\Git\usr\local\bin;C:\Program Files (x86)\Git\usr\bin;C:\Program Files (x86)\Git\usr\bin;C:\Program Files (x86)\Git\mingw32\bin;C:\Program Files (x86)\Git\usr\bin;C:\Users\Administrator\bin;C:\Windows\system32;C:\Windows;C:\Windows\System32\Wbem;C:\Windows\System32\WindowsPowerShell\v1.0;D:\nodejs;C:\Program Files (x86)\Git\cmd;C:\Program Files\TortoiseSVN\bin;C:\Users\Administrator\AppData\Roaming\npm;C:\Program Files (x86)\Microsoft VS Code\bin;C:\Program Files (x86)\Git\usr\bin\vendor_perl;C:\Program Files (x86)\Git\usr\bin\core_perl
10 verbose lifecycle autoUpdateDemo@1.0.2~build: CWD: E:\test\electron-windows-autoupdate
11 silly lifecycle autoUpdateDemo@1.0.2~build: Args: [ '/d /s /c', 'build --win' ]
12 silly lifecycle autoUpdateDemo@1.0.2~build: Returned: code: 4294967295  signal: null
13 info lifecycle autoUpdateDemo@1.0.2~build: Failed to exec build script
14 verbose stack Error: autoUpdateDemo@1.0.2 build: `build --win`
14 verbose stack Exit status 4294967295
14 verbose stack     at EventEmitter.<anonymous> (D:\nodejs\node_modules\npm\lib\utils\lifecycle.js:245:16)
14 verbose stack     at emitTwo (events.js:106:13)
14 verbose stack     at EventEmitter.emit (events.js:191:7)
14 verbose stack     at ChildProcess.<anonymous> (D:\nodejs\node_modules\npm\lib\utils\spawn.js:24:14)
14 verbose stack     at emitTwo (events.js:106:13)
14 verbose stack     at ChildProcess.emit (events.js:191:7)
14 verbose stack     at maybeClose (internal/child_process.js:850:16)
14 verbose stack     at Process.ChildProcess._handle.onexit (internal/child_process.js:215:5)
15 verbose pkgid autoUpdateDemo@1.0.2
16 verbose cwd E:\test\electron-windows-autoupdate
17 error Windows_NT 6.1.7601
18 error argv "D:\\nodejs\\node.exe" "D:\\nodejs\\node_modules\\npm\\bin\\npm-cli.js" "run" "build"
19 error node v6.2.0
20 error npm  v3.8.9
21 error code ELIFECYCLE
22 error autoUpdateDemo@1.0.2 build: `build --win`
22 error Exit status 4294967295
23 error Failed at the autoUpdateDemo@1.0.2 build script 'build --win'.
23 error Make sure you have the latest version of node.js and npm installed.
23 error If you do, this is most likely a problem with the autoUpdateDemo package,
23 error not with npm itself.
23 error Tell the author that this fails on your system:
23 error     build --win
23 error You can get information on how to open an issue for this project with:
23 error     npm bugs autoUpdateDemo
23 error Or if that isn't available, you can get their info via:
23 error     npm owner ls autoUpdateDemo
23 error There is likely additional logging output above.
24 verbose exit [ 1, true ]
